$ node --enable-source-maps ./dist/index.mjs
[07:47:23.445] [32mINFO[39m (13200): [36myt-dlp binary resolved[39m
    [35mbin[39m: "C:\Users\LENOVO\AppData\Local\Microsoft\WinGet\Packages\yt-dlp.yt-dlp_Microsoft.Winget.Source_8wekyb3d8bbwe\yt-dlp.exe"
[07:47:23.452] [32mINFO[39m (13200): [36mServer listening[39m
    [35mport[39m: 8080
[07:47:33.216] [32mINFO[39m (13200): [36mrequest completed[39m
    [35mreq[39m: {
      "id": 1,
      "method": "GET",
      "url": "/api/healthz"
    }
    [35mres[39m: {
      "statusCode": 200
    }
    [35mresponseTime[39m: 5
[07:49:51.920] [32mINFO[39m (13200): [36mrequest completed[39m
    [35mreq[39m: {
      "id": 2,
      "method": "GET",
      "url": "/api/healthz"
    }
    [35mres[39m: {
      "statusCode": 200
    }
    [35mresponseTime[39m: 7
[07:49:51.973] [32mINFO[39m (13200): [36mrequest completed[39m
    [35mreq[39m: {
      "id": 3,
      "method": "GET",
      "url": "/api/video/history"
    }
    [35mres[39m: {
      "statusCode": 200
    }
    [35mresponseTime[39m: 5
[09:23:55.128] [32mINFO[39m (13200): [36mrequest completed[39m
    [35mreq[39m: {
      "id": 4,
      "method": "GET",
      "url": "/api"
    }
    [35mres[39m: {
      "statusCode": 404
    }
    [35mresponseTime[39m: 41
[09:23:55.363] [32mINFO[39m (13200): [36mrequest completed[39m
    [35mreq[39m: {
      "id": 5,
      "method": "GET",
      "url": "/favicon.ico"
    }
    [35mres[39m: {
      "statusCode": 404
    }
    [35mresponseTime[39m: 2
[09:24:10.572] [32mINFO[39m (13200): [36mrequest completed[39m
    [35mreq[39m: {
      "id": 6,
      "method": "POST",
      "url": "/api/auth/login"
    }
    [35mres[39m: {
      "statusCode": 404
    }
    [35mresponseTime[39m: 54
C:\Users\LENOVO\Downloads\vidsnap-main\vidsnap-main\artifacts\api-server:
[ERR_PNPM_RECURSIVE_RUN_FIRST_FAIL] @workspace/api-server@0.0.0 start: `node --enable-source-maps ./dist/index.mjs`
Exit status 1
